running setup...
running main...

./job.json

SLURM_NODEID

0
SLURM_PROCID

1
job_id
1628912680l622h
param_a
b
{'job_id': '1628912680l622h', 'user_id': None, 'maintainer': 'community_contribution', 'hpc': 'keeling_community', 'param': {'a': 'b'}, 'env': {}, 'executable_folder': '/1628912680l622h/executable', 'data_folder': '/1628912680l622h/data', 'result_folder': '/1628912680l622h/result'}
running main...

./job.json

SLURM_NODEID

0
SLURM_PROCID

4
job_id
1628912680l622h
param_a
b
{'job_id': '1628912680l622h', 'user_id': None, 'maintainer': 'community_contribution', 'hpc': 'keeling_community', 'param': {'a': 'b'}, 'env': {}, 'executable_folder': '/1628912680l622h/executable', 'data_folder': '/1628912680l622h/data', 'result_folder': '/1628912680l622h/result'}
running main...

./job.json

SLURM_NODEID

0
SLURM_PROCID

3
job_id
1628912680l622h
param_a
b
{'job_id': '1628912680l622h', 'user_id': None, 'maintainer': 'community_contribution', 'hpc': 'keeling_community', 'param': {'a': 'b'}, 'env': {}, 'executable_folder': '/1628912680l622h/executable', 'data_folder': '/1628912680l622h/data', 'result_folder': '/1628912680l622h/result'}
running main...

./job.json

SLURM_NODEID

0
SLURM_PROCID

0
job_id
1628912680l622h
param_a
b
{'job_id': '1628912680l622h', 'user_id': None, 'maintainer': 'community_contribution', 'hpc': 'keeling_community', 'param': {'a': 'b'}, 'env': {}, 'executable_folder': '/1628912680l622h/executable', 'data_folder': '/1628912680l622h/data', 'result_folder': '/1628912680l622h/result'}
running main...

./job.json

SLURM_NODEID

0
SLURM_PROCID

2
job_id
1628912680l622h
param_a
b
{'job_id': '1628912680l622h', 'user_id': None, 'maintainer': 'community_contribution', 'hpc': 'keeling_community', 'param': {'a': 'b'}, 'env': {}, 'executable_folder': '/1628912680l622h/executable', 'data_folder': '/1628912680l622h/data', 'result_folder': '/1628912680l622h/result'}
running cleanup...
